{
  "RSpec": {
    "coverage": {
      "/home/glamorous-shell-8516/tic-tac-toe-rb-ruby-apply-000/lib/tic_tac_toe.rb": [
        null,
        1,
        null,
        null,
        null,
        null,
        null,
        null,
        null,
        null,
        null,
        null,
        1,
        31,
        31,
        31,
        31,
        31,
        null,
        null,
        null,
        1,
        47548,
        null,
        null,
        null,
        null,
        1,
        28,
        null,
        null,
        null,
        null,
        1,
        47562,
        32,
        null,
        null,
        47530,
        47530,
        null,
        null,
        null,
        null,
        null,
        1,
        47548,
        26,
        null,
        null,
        47522,
        null,
        null,
        null,
        null,
        null,
        1,
        47555,
        47549,
        47545,
        47545,
        25,
        null,
        47520,
        null,
        26,
        null,
        null,
        null,
        null,
        1,
        26,
        null,
        null,
        null,
        null,
        1,
        27,
        27,
        243,
        45,
        null,
        null,
        27,
        null,
        null,
        null,
        null,
        1,
        16,
        113,
        113,
        113,
        null,
        113,
        113,
        113,
        null,
        113,
        8,
        null,
        null,
        8,
        null,
        null,
        null,
        null,
        1,
        49,
        3,
        null,
        4,
        null,
        null,
        null,
        null,
        null,
        1,
        7,
        3,
        null,
        4,
        null,
        null,
        null,
        null,
        null,
        1,
        3,
        1,
        2,
        1,
        1,
        0,
        null,
        null,
        null,
        null,
        null,
        1,
        3,
        2,
        null,
        null,
        null,
        null,
        null,
        null,
        1,
        12,
        12,
        35,
        23,
        null,
        null,
        0,
        0,
        null,
        null,
        0,
        0,
        0,
        0,
        0,
        null,
        null
      ]
    },
    "timestamp": 1602447138
  }
}
