{
  "RSpec": {
    "coverage": {
      "/home/glamorous-shell-8516/tic-tac-toe-rb-ruby-apply-000/lib/tic_tac_toe.rb": [
        null,
        1,
        null,
        null,
        null,
        null,
        null,
        null,
        null,
        null,
        null,
        null,
        1,
        28,
        28,
        28,
        28,
        28,
        null,
        null,
        null,
        1,
        19601,
        null,
        null,
        null,
        null,
        1,
        25,
        null,
        null,
        null,
        null,
        1,
        19690,
        100,
        null,
        null,
        19590,
        19590,
        null,
        null,
        null,
        null,
        null,
        1,
        19601,
        23,
        null,
        null,
        19578,
        null,
        null,
        null,
        null,
        null,
        1,
        19605,
        19602,
        19598,
        19598,
        22,
        null,
        19576,
        null,
        23,
        null,
        null,
        null,
        null,
        1,
        23,
        null,
        null,
        null,
        null,
        1,
        24,
        24,
        216,
        36,
        null,
        null,
        24,
        null,
        null,
        null,
        null,
        1,
        44,
        318,
        318,
        318,
        null,
        318,
        318,
        318,
        null,
        318,
        12,
        null,
        null,
        32,
        null,
        null,
        null,
        null,
        1,
        152,
        22,
        null,
        6,
        null,
        null,
        null,
        null,
        null,
        1,
        18,
        5,
        null,
        13,
        null,
        null,
        null,
        null,
        null,
        1,
        21,
        6,
        15,
        4,
        11,
        0,
        null,
        null,
        null,
        null,
        null,
        1,
        3,
        2,
        null,
        null,
        null,
        null,
        null,
        null,
        1,
        null,
        null,
        null,
        null,
        null,
        12,
        12,
        null,
        null,
        3,
        1,
        1,
        2,
        2,
        null,
        null
      ]
    },
    "timestamp": 1602447644
  }
}
